The system is: Linux - 5.4.0-89-generic - x86_64
Compiling the CXX compiler identification source file "CMakeCXXCompilerId.cpp" succeeded.
Compiler: /mnt/n7fs/ens/tp_cregut/gnat/bin/c++ 
Build flags: 
Id flags:  

The output was:
0


Compilation of the CXX compiler identification source "CMakeCXXCompilerId.cpp" produced "a.out"

The CXX compiler identification is GNU, found in "/home/fzemiri/Annee_2/Rendu2/TP5/build/CMakeFiles/3.16.3/CompilerIdCXX/a.out"

Determining if the CXX compiler works passed with the following output:
Change Dir: /home/fzemiri/Annee_2/Rendu2/TP5/build/CMakeFiles/CMakeTmp

Run Build Command(s):/usr/bin/make cmTC_ab8da/fast && make: Avertissement : le fichier « Makefile » a une date de modification 11 s dans le futur
/usr/bin/make -f CMakeFiles/cmTC_ab8da.dir/build.make CMakeFiles/cmTC_ab8da.dir/build
make[1] : on entre dans le répertoire « /home/fzemiri/Annee_2/Rendu2/TP5/build/CMakeFiles/CMakeTmp »
make[1]: Avertissement : le fichier « CMakeFiles/cmTC_ab8da.dir/flags.make » a une date de modification 11 s dans le futur
Building CXX object CMakeFiles/cmTC_ab8da.dir/testCXXCompiler.cxx.o
/mnt/n7fs/ens/tp_cregut/gnat/bin/c++     -o CMakeFiles/cmTC_ab8da.dir/testCXXCompiler.cxx.o -c /home/fzemiri/Annee_2/Rendu2/TP5/build/CMakeFiles/CMakeTmp/testCXXCompiler.cxx
Linking CXX executable cmTC_ab8da
/usr/bin/cmake -E cmake_link_script CMakeFiles/cmTC_ab8da.dir/link.txt --verbose=1
/mnt/n7fs/ens/tp_cregut/gnat/bin/c++       CMakeFiles/cmTC_ab8da.dir/testCXXCompiler.cxx.o  -o cmTC_ab8da 
make[1]: AVERTISSEMENT : décalage d'horloge détecté. La construction peut être incomplète.
make[1] : on quitte le répertoire « /home/fzemiri/Annee_2/Rendu2/TP5/build/CMakeFiles/CMakeTmp »
make: AVERTISSEMENT : décalage d'horloge détecté. La construction peut être incomplète.



Detecting CXX compiler ABI info compiled with the following output:
Change Dir: /home/fzemiri/Annee_2/Rendu2/TP5/build/CMakeFiles/CMakeTmp

Run Build Command(s):/usr/bin/make cmTC_2291a/fast && make: Warning: File 'Makefile' has modification time 11 s in the future
/usr/bin/make -f CMakeFiles/cmTC_2291a.dir/build.make CMakeFiles/cmTC_2291a.dir/build
make[1]: Entering directory '/home/fzemiri/Annee_2/Rendu2/TP5/build/CMakeFiles/CMakeTmp'
make[1]: Warning: File 'CMakeFiles/cmTC_2291a.dir/flags.make' has modification time 11 s in the future
Building CXX object CMakeFiles/cmTC_2291a.dir/CMakeCXXCompilerABI.cpp.o
/mnt/n7fs/ens/tp_cregut/gnat/bin/c++    -v -o CMakeFiles/cmTC_2291a.dir/CMakeCXXCompilerABI.cpp.o -c /usr/share/cmake-3.16/Modules/CMakeCXXCompilerABI.cpp
Using built-in specs.
COLLECT_GCC=/mnt/n7fs/ens/tp_cregut/gnat/bin/c++
OFFLOAD_TARGET_NAMES=nvptx-none
Target: x86_64-pc-linux-gnu
Configured with: ../src/configure --enable-languages=ada,c,c++ --enable-checking=release --enable-dual-exceptions --enable-offload-targets=nvptx-none --enable-_cxa_atexit --enable-threads=posix --with-bugurl=URL:mailto:report@adacore.com --disable-nls --without-libiconv-prefix --disable-libstdcxx-pch --disable-libada --disable-multilib --enable-libstdcxx --with-mpfr=/it/sbx/a2c2/x86_64-linux/mpfr-3.1.5/install --with-gmp=/it/sbx/a2c2/x86_64-linux/gmp-6.1.2/install --with-mpc=/it/sbx/a2c2/x86_64-linux/mpc-1.0.3/install --with-build-time-tools=/it/sbx/a2c2/x86_64-linux/gcc-c/build/buildtools/bin --prefix=/it/sbx/a2c2/x86_64-linux/gcc-c/pkg --build=x86_64-pc-linux-gnu
Thread model: posix
Supported LTO compression algorithms: zlib
gcc version 10.3.1 20210520 (for GNAT Community 2021 20210519) (GCC) 
COLLECT_GCC_OPTIONS='-v' '-o' 'CMakeFiles/cmTC_2291a.dir/CMakeCXXCompilerABI.cpp.o' '-c' '-shared-libgcc' '-mtune=generic' '-march=x86-64' '-dumpdir' 'CMakeFiles/cmTC_2291a.dir/'
 /mnt/n7fs/ens/tp_cregut/GNAT/2021/bin/../libexec/gcc/x86_64-pc-linux-gnu/10.3.1/cc1plus -quiet -v -iprefix /mnt/n7fs/ens/tp_cregut/GNAT/2021/bin/../lib/gcc/x86_64-pc-linux-gnu/10.3.1/ -D_GNU_SOURCE -isystem /usr/include/x86_64-linux-gnu /usr/share/cmake-3.16/Modules/CMakeCXXCompilerABI.cpp -quiet -dumpdir CMakeFiles/cmTC_2291a.dir/ -dumpbase CMakeCXXCompilerABI.cpp.cpp -dumpbase-ext .cpp -mtune=generic -march=x86-64 -version -o /tmp/cctmC0tn.s
GNU C++14 (GCC) version 10.3.1 20210520 (for GNAT Community 2021 20210519) (x86_64-pc-linux-gnu)
	compiled by GNU C version 10.3.1 20210520 (for GNAT Community 2021 20210519), GMP version 6.1.2, MPFR version 3.1.5, MPC version 1.0.3, isl version none
GGC heuristics: --param ggc-min-expand=100 --param ggc-min-heapsize=131072
ignoring duplicate directory "/mnt/n7fs/ens/tp_cregut/GNAT/2021/bin/../lib/gcc/../../lib/gcc/x86_64-pc-linux-gnu/10.3.1/../../../../include/c++/10.3.1"
ignoring duplicate directory "/mnt/n7fs/ens/tp_cregut/GNAT/2021/bin/../lib/gcc/../../lib/gcc/x86_64-pc-linux-gnu/10.3.1/../../../../include/c++/10.3.1/x86_64-pc-linux-gnu"
ignoring duplicate directory "/mnt/n7fs/ens/tp_cregut/GNAT/2021/bin/../lib/gcc/../../lib/gcc/x86_64-pc-linux-gnu/10.3.1/../../../../include/c++/10.3.1/backward"
ignoring duplicate directory "/mnt/n7fs/ens/tp_cregut/GNAT/2021/bin/../lib/gcc/../../lib/gcc/x86_64-pc-linux-gnu/10.3.1/include"
ignoring duplicate directory "/mnt/n7fs/ens/tp_cregut/GNAT/2021/bin/../lib/gcc/../../lib/gcc/x86_64-pc-linux-gnu/10.3.1/include-fixed"
ignoring duplicate directory "/mnt/n7fs/ens/tp_cregut/GNAT/2021/bin/../lib/gcc/../../lib/gcc/x86_64-pc-linux-gnu/10.3.1/../../../../x86_64-pc-linux-gnu/include"
#include "..." search starts here:
#include <...> search starts here:
 /usr/include/x86_64-linux-gnu
 /mnt/n7fs/ens/tp_cregut/GNAT/2021/bin/../lib/gcc/x86_64-pc-linux-gnu/10.3.1/../../../../include/c++/10.3.1
 /mnt/n7fs/ens/tp_cregut/GNAT/2021/bin/../lib/gcc/x86_64-pc-linux-gnu/10.3.1/../../../../include/c++/10.3.1/x86_64-pc-linux-gnu
 /mnt/n7fs/ens/tp_cregut/GNAT/2021/bin/../lib/gcc/x86_64-pc-linux-gnu/10.3.1/../../../../include/c++/10.3.1/backward
 /mnt/n7fs/ens/tp_cregut/GNAT/2021/bin/../lib/gcc/x86_64-pc-linux-gnu/10.3.1/include
 /mnt/n7fs/ens/tp_cregut/GNAT/2021/bin/../lib/gcc/x86_64-pc-linux-gnu/10.3.1/include-fixed
 /mnt/n7fs/ens/tp_cregut/GNAT/2021/bin/../lib/gcc/x86_64-pc-linux-gnu/10.3.1/../../../../x86_64-pc-linux-gnu/include
 /usr/local/include
 /mnt/n7fs/ens/tp_cregut/GNAT/2021/bin/../lib/gcc/../../include
 /usr/include
End of search list.
GNU C++14 (GCC) version 10.3.1 20210520 (for GNAT Community 2021 20210519) (x86_64-pc-linux-gnu)
	compiled by GNU C version 10.3.1 20210520 (for GNAT Community 2021 20210519), GMP version 6.1.2, MPFR version 3.1.5, MPC version 1.0.3, isl version none
GGC heuristics: --param ggc-min-expand=100 --param ggc-min-heapsize=131072
Compiler executable checksum: 7eebf01eca72156ed860ede210024e1c
COLLECT_GCC_OPTIONS='-v' '-o' 'CMakeFiles/cmTC_2291a.dir/CMakeCXXCompilerABI.cpp.o' '-c' '-shared-libgcc' '-mtune=generic' '-march=x86-64' '-dumpdir' 'CMakeFiles/cmTC_2291a.dir/'
 /mnt/n7fs/ens/tp_cregut/GNAT/2021/bin/../libexec/gcc/x86_64-pc-linux-gnu/10.3.1/as -v --64 -o CMakeFiles/cmTC_2291a.dir/CMakeCXXCompilerABI.cpp.o /tmp/cctmC0tn.s
GNU assembler version 2.33.50 (x86_64-pc-linux-gnu) using BFD version (GNU Binutils) 2.33.50.20191118
COMPILER_PATH=/mnt/n7fs/ens/tp_cregut/GNAT/2021/bin/../libexec/gcc/x86_64-pc-linux-gnu/10.3.1/:/mnt/n7fs/ens/tp_cregut/GNAT/2021/bin/../libexec/gcc/
LIBRARY_PATH=/mnt/n7fs/ens/tp_cregut/GNAT/2021/bin/../lib/gcc/x86_64-pc-linux-gnu/10.3.1/:/mnt/n7fs/ens/tp_cregut/GNAT/2021/bin/../lib/gcc/:/mnt/n7fs/ens/tp_cregut/GNAT/2021/bin/../lib/gcc/x86_64-pc-linux-gnu/10.3.1/../../../../lib64/:/lib/../lib64/:/usr/lib/../lib64/:/mnt/n7fs/ens/tp_cregut/GNAT/2021/bin/../lib/gcc/x86_64-pc-linux-gnu/10.3.1/../../../../x86_64-pc-linux-gnu/lib/:/usr/lib/x86_64-linux-gnu/:/mnt/n7fs/ens/tp_cregut/GNAT/2021/bin/../lib/gcc/x86_64-pc-linux-gnu/10.3.1/../../../:/lib/:/usr/lib/
COLLECT_GCC_OPTIONS='-v' '-o' 'CMakeFiles/cmTC_2291a.dir/CMakeCXXCompilerABI.cpp.o' '-c' '-shared-libgcc' '-mtune=generic' '-march=x86-64' '-dumpdir' 'CMakeFiles/cmTC_2291a.dir/CMakeCXXCompilerABI.cpp.'
Linking CXX executable cmTC_2291a
/usr/bin/cmake -E cmake_link_script CMakeFiles/cmTC_2291a.dir/link.txt --verbose=1
/mnt/n7fs/ens/tp_cregut/gnat/bin/c++      -v CMakeFiles/cmTC_2291a.dir/CMakeCXXCompilerABI.cpp.o  -o cmTC_2291a 
Using built-in specs.
COLLECT_GCC=/mnt/n7fs/ens/tp_cregut/gnat/bin/c++
COLLECT_LTO_WRAPPER=/mnt/n7fs/ens/tp_cregut/GNAT/2021/bin/../libexec/gcc/x86_64-pc-linux-gnu/10.3.1/lto-wrapper
OFFLOAD_TARGET_NAMES=nvptx-none
Target: x86_64-pc-linux-gnu
Configured with: ../src/configure --enable-languages=ada,c,c++ --enable-checking=release --enable-dual-exceptions --enable-offload-targets=nvptx-none --enable-_cxa_atexit --enable-threads=posix --with-bugurl=URL:mailto:report@adacore.com --disable-nls --without-libiconv-prefix --disable-libstdcxx-pch --disable-libada --disable-multilib --enable-libstdcxx --with-mpfr=/it/sbx/a2c2/x86_64-linux/mpfr-3.1.5/install --with-gmp=/it/sbx/a2c2/x86_64-linux/gmp-6.1.2/install --with-mpc=/it/sbx/a2c2/x86_64-linux/mpc-1.0.3/install --with-build-time-tools=/it/sbx/a2c2/x86_64-linux/gcc-c/build/buildtools/bin --prefix=/it/sbx/a2c2/x86_64-linux/gcc-c/pkg --build=x86_64-pc-linux-gnu
Thread model: posix
Supported LTO compression algorithms: zlib
gcc version 10.3.1 20210520 (for GNAT Community 2021 20210519) (GCC) 
COMPILER_PATH=/mnt/n7fs/ens/tp_cregut/GNAT/2021/bin/../libexec/gcc/x86_64-pc-linux-gnu/10.3.1/:/mnt/n7fs/ens/tp_cregut/GNAT/2021/bin/../libexec/gcc/
LIBRARY_PATH=/mnt/n7fs/ens/tp_cregut/GNAT/2021/bin/../lib/gcc/x86_64-pc-linux-gnu/10.3.1/:/mnt/n7fs/ens/tp_cregut/GNAT/2021/bin/../lib/gcc/:/mnt/n7fs/ens/tp_cregut/GNAT/2021/bin/../lib/gcc/x86_64-pc-linux-gnu/10.3.1/../../../../lib64/:/lib/../lib64/:/usr/lib/../lib64/:/mnt/n7fs/ens/tp_cregut/GNAT/2021/bin/../lib/gcc/x86_64-pc-linux-gnu/10.3.1/../../../../x86_64-pc-linux-gnu/lib/:/usr/lib/x86_64-linux-gnu/:/mnt/n7fs/ens/tp_cregut/GNAT/2021/bin/../lib/gcc/x86_64-pc-linux-gnu/10.3.1/../../../:/lib/:/usr/lib/
COLLECT_GCC_OPTIONS='-v' '-o' 'cmTC_2291a' '-shared-libgcc' '-mtune=generic' '-march=x86-64' '-dumpdir' 'cmTC_2291a.'
 /mnt/n7fs/ens/tp_cregut/GNAT/2021/bin/../libexec/gcc/x86_64-pc-linux-gnu/10.3.1/collect2 -plugin /mnt/n7fs/ens/tp_cregut/GNAT/2021/bin/../libexec/gcc/x86_64-pc-linux-gnu/10.3.1/liblto_plugin.so -plugin-opt=/mnt/n7fs/ens/tp_cregut/GNAT/2021/bin/../libexec/gcc/x86_64-pc-linux-gnu/10.3.1/lto-wrapper -plugin-opt=-fresolution=/tmp/ccKyw9HR.res -plugin-opt=-pass-through=-lgcc_s -plugin-opt=-pass-through=-lgcc -plugin-opt=-pass-through=-lc -plugin-opt=-pass-through=-lgcc_s -plugin-opt=-pass-through=-lgcc --eh-frame-hdr -m elf_x86_64 -dynamic-linker /lib64/ld-linux-x86-64.so.2 -o cmTC_2291a /usr/lib/x86_64-linux-gnu/crt1.o /usr/lib/x86_64-linux-gnu/crti.o /mnt/n7fs/ens/tp_cregut/GNAT/2021/bin/../lib/gcc/x86_64-pc-linux-gnu/10.3.1/crtbegin.o -L/mnt/n7fs/ens/tp_cregut/GNAT/2021/bin/../lib/gcc/x86_64-pc-linux-gnu/10.3.1 -L/mnt/n7fs/ens/tp_cregut/GNAT/2021/bin/../lib/gcc -L/mnt/n7fs/ens/tp_cregut/GNAT/2021/bin/../lib/gcc/x86_64-pc-linux-gnu/10.3.1/../../../../lib64 -L/lib/../lib64 -L/usr/lib/../lib64 -L/mnt/n7fs/ens/tp_cregut/GNAT/2021/bin/../lib/gcc/x86_64-pc-linux-gnu/10.3.1/../../../../x86_64-pc-linux-gnu/lib -L/usr/lib/x86_64-linux-gnu -L/mnt/n7fs/ens/tp_cregut/GNAT/2021/bin/../lib/gcc/x86_64-pc-linux-gnu/10.3.1/../../.. CMakeFiles/cmTC_2291a.dir/CMakeCXXCompilerABI.cpp.o -lstdc++ -lm -lgcc_s -lgcc -lc -lgcc_s -lgcc /mnt/n7fs/ens/tp_cregut/GNAT/2021/bin/../lib/gcc/x86_64-pc-linux-gnu/10.3.1/crtend.o /usr/lib/x86_64-linux-gnu/crtn.o
COLLECT_GCC_OPTIONS='-v' '-o' 'cmTC_2291a' '-shared-libgcc' '-mtune=generic' '-march=x86-64' '-dumpdir' 'cmTC_2291a.'
make[1]: warning:  Clock skew detected.  Your build may be incomplete.
make[1]: Leaving directory '/home/fzemiri/Annee_2/Rendu2/TP5/build/CMakeFiles/CMakeTmp'
make: warning:  Clock skew detected.  Your build may be incomplete.



Parsed CXX implicit include dir info from above output: rv=done
  found start of include info
  found start of implicit include info
    add: [/usr/include/x86_64-linux-gnu]
    add: [/mnt/n7fs/ens/tp_cregut/GNAT/2021/bin/../lib/gcc/x86_64-pc-linux-gnu/10.3.1/../../../../include/c++/10.3.1]
    add: [/mnt/n7fs/ens/tp_cregut/GNAT/2021/bin/../lib/gcc/x86_64-pc-linux-gnu/10.3.1/../../../../include/c++/10.3.1/x86_64-pc-linux-gnu]
    add: [/mnt/n7fs/ens/tp_cregut/GNAT/2021/bin/../lib/gcc/x86_64-pc-linux-gnu/10.3.1/../../../../include/c++/10.3.1/backward]
    add: [/mnt/n7fs/ens/tp_cregut/GNAT/2021/bin/../lib/gcc/x86_64-pc-linux-gnu/10.3.1/include]
    add: [/mnt/n7fs/ens/tp_cregut/GNAT/2021/bin/../lib/gcc/x86_64-pc-linux-gnu/10.3.1/include-fixed]
    add: [/mnt/n7fs/ens/tp_cregut/GNAT/2021/bin/../lib/gcc/x86_64-pc-linux-gnu/10.3.1/../../../../x86_64-pc-linux-gnu/include]
    add: [/usr/local/include]
    add: [/mnt/n7fs/ens/tp_cregut/GNAT/2021/bin/../lib/gcc/../../include]
    add: [/usr/include]
  end of search list found
  collapse include dir [/usr/include/x86_64-linux-gnu] ==> [/usr/include/x86_64-linux-gnu]
  collapse include dir [/mnt/n7fs/ens/tp_cregut/GNAT/2021/bin/../lib/gcc/x86_64-pc-linux-gnu/10.3.1/../../../../include/c++/10.3.1] ==> [/mnt/n7fs/ens/tp_cregut/GNAT/2021/include/c++/10.3.1]
  collapse include dir [/mnt/n7fs/ens/tp_cregut/GNAT/2021/bin/../lib/gcc/x86_64-pc-linux-gnu/10.3.1/../../../../include/c++/10.3.1/x86_64-pc-linux-gnu] ==> [/mnt/n7fs/ens/tp_cregut/GNAT/2021/include/c++/10.3.1/x86_64-pc-linux-gnu]
  collapse include dir [/mnt/n7fs/ens/tp_cregut/GNAT/2021/bin/../lib/gcc/x86_64-pc-linux-gnu/10.3.1/../../../../include/c++/10.3.1/backward] ==> [/mnt/n7fs/ens/tp_cregut/GNAT/2021/include/c++/10.3.1/backward]
  collapse include dir [/mnt/n7fs/ens/tp_cregut/GNAT/2021/bin/../lib/gcc/x86_64-pc-linux-gnu/10.3.1/include] ==> [/mnt/n7fs/ens/tp_cregut/GNAT/2021/lib/gcc/x86_64-pc-linux-gnu/10.3.1/include]
  collapse include dir [/mnt/n7fs/ens/tp_cregut/GNAT/2021/bin/../lib/gcc/x86_64-pc-linux-gnu/10.3.1/include-fixed] ==> [/mnt/n7fs/ens/tp_cregut/GNAT/2021/lib/gcc/x86_64-pc-linux-gnu/10.3.1/include-fixed]
  collapse include dir [/mnt/n7fs/ens/tp_cregut/GNAT/2021/bin/../lib/gcc/x86_64-pc-linux-gnu/10.3.1/../../../../x86_64-pc-linux-gnu/include] ==> [/mnt/n7fs/ens/tp_cregut/GNAT/2021/x86_64-pc-linux-gnu/include]
  collapse include dir [/usr/local/include] ==> [/usr/local/include]
  collapse include dir [/mnt/n7fs/ens/tp_cregut/GNAT/2021/bin/../lib/gcc/../../include] ==> [/mnt/n7fs/ens/tp_cregut/GNAT/2021/include]
  collapse include dir [/usr/include] ==> [/usr/include]
  implicit include dirs: [/usr/include/x86_64-linux-gnu;/mnt/n7fs/ens/tp_cregut/GNAT/2021/include/c++/10.3.1;/mnt/n7fs/ens/tp_cregut/GNAT/2021/include/c++/10.3.1/x86_64-pc-linux-gnu;/mnt/n7fs/ens/tp_cregut/GNAT/2021/include/c++/10.3.1/backward;/mnt/n7fs/ens/tp_cregut/GNAT/2021/lib/gcc/x86_64-pc-linux-gnu/10.3.1/include;/mnt/n7fs/ens/tp_cregut/GNAT/2021/lib/gcc/x86_64-pc-linux-gnu/10.3.1/include-fixed;/mnt/n7fs/ens/tp_cregut/GNAT/2021/x86_64-pc-linux-gnu/include;/usr/local/include;/mnt/n7fs/ens/tp_cregut/GNAT/2021/include;/usr/include]


Parsed CXX implicit link information from above output:
  link line regex: [^( *|.*[/\])(ld|CMAKE_LINK_STARTFILE-NOTFOUND|([^/\]+-)?ld|collect2)[^/\]*( |$)]
  ignore line: [Change Dir: /home/fzemiri/Annee_2/Rendu2/TP5/build/CMakeFiles/CMakeTmp]
  ignore line: []
  ignore line: [Run Build Command(s):/usr/bin/make cmTC_2291a/fast && make: Warning: File 'Makefile' has modification time 11 s in the future]
  ignore line: [/usr/bin/make -f CMakeFiles/cmTC_2291a.dir/build.make CMakeFiles/cmTC_2291a.dir/build]
  ignore line: [make[1]: Entering directory '/home/fzemiri/Annee_2/Rendu2/TP5/build/CMakeFiles/CMakeTmp']
  ignore line: [make[1]: Warning: File 'CMakeFiles/cmTC_2291a.dir/flags.make' has modification time 11 s in the future]
  ignore line: [Building CXX object CMakeFiles/cmTC_2291a.dir/CMakeCXXCompilerABI.cpp.o]
  ignore line: [/mnt/n7fs/ens/tp_cregut/gnat/bin/c++    -v -o CMakeFiles/cmTC_2291a.dir/CMakeCXXCompilerABI.cpp.o -c /usr/share/cmake-3.16/Modules/CMakeCXXCompilerABI.cpp]
  ignore line: [Using built-in specs.]
  ignore line: [COLLECT_GCC=/mnt/n7fs/ens/tp_cregut/gnat/bin/c++]
  ignore line: [OFFLOAD_TARGET_NAMES=nvptx-none]
  ignore line: [Target: x86_64-pc-linux-gnu]
  ignore line: [Configured with: ../src/configure --enable-languages=ada c c++ --enable-checking=release --enable-dual-exceptions --enable-offload-targets=nvptx-none --enable-_cxa_atexit --enable-threads=posix --with-bugurl=URL:mailto:report@adacore.com --disable-nls --without-libiconv-prefix --disable-libstdcxx-pch --disable-libada --disable-multilib --enable-libstdcxx --with-mpfr=/it/sbx/a2c2/x86_64-linux/mpfr-3.1.5/install --with-gmp=/it/sbx/a2c2/x86_64-linux/gmp-6.1.2/install --with-mpc=/it/sbx/a2c2/x86_64-linux/mpc-1.0.3/install --with-build-time-tools=/it/sbx/a2c2/x86_64-linux/gcc-c/build/buildtools/bin --prefix=/it/sbx/a2c2/x86_64-linux/gcc-c/pkg --build=x86_64-pc-linux-gnu]
  ignore line: [Thread model: posix]
  ignore line: [Supported LTO compression algorithms: zlib]
  ignore line: [gcc version 10.3.1 20210520 (for GNAT Community 2021 20210519) (GCC) ]
  ignore line: [COLLECT_GCC_OPTIONS='-v' '-o' 'CMakeFiles/cmTC_2291a.dir/CMakeCXXCompilerABI.cpp.o' '-c' '-shared-libgcc' '-mtune=generic' '-march=x86-64' '-dumpdir' 'CMakeFiles/cmTC_2291a.dir/']
  ignore line: [ /mnt/n7fs/ens/tp_cregut/GNAT/2021/bin/../libexec/gcc/x86_64-pc-linux-gnu/10.3.1/cc1plus -quiet -v -iprefix /mnt/n7fs/ens/tp_cregut/GNAT/2021/bin/../lib/gcc/x86_64-pc-linux-gnu/10.3.1/ -D_GNU_SOURCE -isystem /usr/include/x86_64-linux-gnu /usr/share/cmake-3.16/Modules/CMakeCXXCompilerABI.cpp -quiet -dumpdir CMakeFiles/cmTC_2291a.dir/ -dumpbase CMakeCXXCompilerABI.cpp.cpp -dumpbase-ext .cpp -mtune=generic -march=x86-64 -version -o /tmp/cctmC0tn.s]
  ignore line: [GNU C++14 (GCC) version 10.3.1 20210520 (for GNAT Community 2021 20210519) (x86_64-pc-linux-gnu)]
  ignore line: [	compiled by GNU C version 10.3.1 20210520 (for GNAT Community 2021 20210519)  GMP version 6.1.2  MPFR version 3.1.5  MPC version 1.0.3  isl version none]
  ignore line: [GGC heuristics: --param ggc-min-expand=100 --param ggc-min-heapsize=131072]
  ignore line: [ignoring duplicate directory "/mnt/n7fs/ens/tp_cregut/GNAT/2021/bin/../lib/gcc/../../lib/gcc/x86_64-pc-linux-gnu/10.3.1/../../../../include/c++/10.3.1"]
  ignore line: [ignoring duplicate directory "/mnt/n7fs/ens/tp_cregut/GNAT/2021/bin/../lib/gcc/../../lib/gcc/x86_64-pc-linux-gnu/10.3.1/../../../../include/c++/10.3.1/x86_64-pc-linux-gnu"]
  ignore line: [ignoring duplicate directory "/mnt/n7fs/ens/tp_cregut/GNAT/2021/bin/../lib/gcc/../../lib/gcc/x86_64-pc-linux-gnu/10.3.1/../../../../include/c++/10.3.1/backward"]
  ignore line: [ignoring duplicate directory "/mnt/n7fs/ens/tp_cregut/GNAT/2021/bin/../lib/gcc/../../lib/gcc/x86_64-pc-linux-gnu/10.3.1/include"]
  ignore line: [ignoring duplicate directory "/mnt/n7fs/ens/tp_cregut/GNAT/2021/bin/../lib/gcc/../../lib/gcc/x86_64-pc-linux-gnu/10.3.1/include-fixed"]
  ignore line: [ignoring duplicate directory "/mnt/n7fs/ens/tp_cregut/GNAT/2021/bin/../lib/gcc/../../lib/gcc/x86_64-pc-linux-gnu/10.3.1/../../../../x86_64-pc-linux-gnu/include"]
  ignore line: [#include "..." search starts here:]
  ignore line: [#include <...> search starts here:]
  ignore line: [ /usr/include/x86_64-linux-gnu]
  ignore line: [ /mnt/n7fs/ens/tp_cregut/GNAT/2021/bin/../lib/gcc/x86_64-pc-linux-gnu/10.3.1/../../../../include/c++/10.3.1]
  ignore line: [ /mnt/n7fs/ens/tp_cregut/GNAT/2021/bin/../lib/gcc/x86_64-pc-linux-gnu/10.3.1/../../../../include/c++/10.3.1/x86_64-pc-linux-gnu]
  ignore line: [ /mnt/n7fs/ens/tp_cregut/GNAT/2021/bin/../lib/gcc/x86_64-pc-linux-gnu/10.3.1/../../../../include/c++/10.3.1/backward]
  ignore line: [ /mnt/n7fs/ens/tp_cregut/GNAT/2021/bin/../lib/gcc/x86_64-pc-linux-gnu/10.3.1/include]
  ignore line: [ /mnt/n7fs/ens/tp_cregut/GNAT/2021/bin/../lib/gcc/x86_64-pc-linux-gnu/10.3.1/include-fixed]
  ignore line: [ /mnt/n7fs/ens/tp_cregut/GNAT/2021/bin/../lib/gcc/x86_64-pc-linux-gnu/10.3.1/../../../../x86_64-pc-linux-gnu/include]
  ignore line: [ /usr/local/include]
  ignore line: [ /mnt/n7fs/ens/tp_cregut/GNAT/2021/bin/../lib/gcc/../../include]
  ignore line: [ /usr/include]
  ignore line: [End of search list.]
  ignore line: [GNU C++14 (GCC) version 10.3.1 20210520 (for GNAT Community 2021 20210519) (x86_64-pc-linux-gnu)]
  ignore line: [	compiled by GNU C version 10.3.1 20210520 (for GNAT Community 2021 20210519)  GMP version 6.1.2  MPFR version 3.1.5  MPC version 1.0.3  isl version none]
  ignore line: [GGC heuristics: --param ggc-min-expand=100 --param ggc-min-heapsize=131072]
  ignore line: [Compiler executable checksum: 7eebf01eca72156ed860ede210024e1c]
  ignore line: [COLLECT_GCC_OPTIONS='-v' '-o' 'CMakeFiles/cmTC_2291a.dir/CMakeCXXCompilerABI.cpp.o' '-c' '-shared-libgcc' '-mtune=generic' '-march=x86-64' '-dumpdir' 'CMakeFiles/cmTC_2291a.dir/']
  ignore line: [ /mnt/n7fs/ens/tp_cregut/GNAT/2021/bin/../libexec/gcc/x86_64-pc-linux-gnu/10.3.1/as -v --64 -o CMakeFiles/cmTC_2291a.dir/CMakeCXXCompilerABI.cpp.o /tmp/cctmC0tn.s]
  ignore line: [GNU assembler version 2.33.50 (x86_64-pc-linux-gnu) using BFD version (GNU Binutils) 2.33.50.20191118]
  ignore line: [COMPILER_PATH=/mnt/n7fs/ens/tp_cregut/GNAT/2021/bin/../libexec/gcc/x86_64-pc-linux-gnu/10.3.1/:/mnt/n7fs/ens/tp_cregut/GNAT/2021/bin/../libexec/gcc/]
  ignore line: [LIBRARY_PATH=/mnt/n7fs/ens/tp_cregut/GNAT/2021/bin/../lib/gcc/x86_64-pc-linux-gnu/10.3.1/:/mnt/n7fs/ens/tp_cregut/GNAT/2021/bin/../lib/gcc/:/mnt/n7fs/ens/tp_cregut/GNAT/2021/bin/../lib/gcc/x86_64-pc-linux-gnu/10.3.1/../../../../lib64/:/lib/../lib64/:/usr/lib/../lib64/:/mnt/n7fs/ens/tp_cregut/GNAT/2021/bin/../lib/gcc/x86_64-pc-linux-gnu/10.3.1/../../../../x86_64-pc-linux-gnu/lib/:/usr/lib/x86_64-linux-gnu/:/mnt/n7fs/ens/tp_cregut/GNAT/2021/bin/../lib/gcc/x86_64-pc-linux-gnu/10.3.1/../../../:/lib/:/usr/lib/]
  ignore line: [COLLECT_GCC_OPTIONS='-v' '-o' 'CMakeFiles/cmTC_2291a.dir/CMakeCXXCompilerABI.cpp.o' '-c' '-shared-libgcc' '-mtune=generic' '-march=x86-64' '-dumpdir' 'CMakeFiles/cmTC_2291a.dir/CMakeCXXCompilerABI.cpp.']
  ignore line: [Linking CXX executable cmTC_2291a]
  ignore line: [/usr/bin/cmake -E cmake_link_script CMakeFiles/cmTC_2291a.dir/link.txt --verbose=1]
  ignore line: [/mnt/n7fs/ens/tp_cregut/gnat/bin/c++      -v CMakeFiles/cmTC_2291a.dir/CMakeCXXCompilerABI.cpp.o  -o cmTC_2291a ]
  ignore line: [Using built-in specs.]
  ignore line: [COLLECT_GCC=/mnt/n7fs/ens/tp_cregut/gnat/bin/c++]
  ignore line: [COLLECT_LTO_WRAPPER=/mnt/n7fs/ens/tp_cregut/GNAT/2021/bin/../libexec/gcc/x86_64-pc-linux-gnu/10.3.1/lto-wrapper]
  ignore line: [OFFLOAD_TARGET_NAMES=nvptx-none]
  ignore line: [Target: x86_64-pc-linux-gnu]
  ignore line: [Configured with: ../src/configure --enable-languages=ada c c++ --enable-checking=release --enable-dual-exceptions --enable-offload-targets=nvptx-none --enable-_cxa_atexit --enable-threads=posix --with-bugurl=URL:mailto:report@adacore.com --disable-nls --without-libiconv-prefix --disable-libstdcxx-pch --disable-libada --disable-multilib --enable-libstdcxx --with-mpfr=/it/sbx/a2c2/x86_64-linux/mpfr-3.1.5/install --with-gmp=/it/sbx/a2c2/x86_64-linux/gmp-6.1.2/install --with-mpc=/it/sbx/a2c2/x86_64-linux/mpc-1.0.3/install --with-build-time-tools=/it/sbx/a2c2/x86_64-linux/gcc-c/build/buildtools/bin --prefix=/it/sbx/a2c2/x86_64-linux/gcc-c/pkg --build=x86_64-pc-linux-gnu]
  ignore line: [Thread model: posix]
  ignore line: [Supported LTO compression algorithms: zlib]
  ignore line: [gcc version 10.3.1 20210520 (for GNAT Community 2021 20210519) (GCC) ]
  ignore line: [COMPILER_PATH=/mnt/n7fs/ens/tp_cregut/GNAT/2021/bin/../libexec/gcc/x86_64-pc-linux-gnu/10.3.1/:/mnt/n7fs/ens/tp_cregut/GNAT/2021/bin/../libexec/gcc/]
  ignore line: [LIBRARY_PATH=/mnt/n7fs/ens/tp_cregut/GNAT/2021/bin/../lib/gcc/x86_64-pc-linux-gnu/10.3.1/:/mnt/n7fs/ens/tp_cregut/GNAT/2021/bin/../lib/gcc/:/mnt/n7fs/ens/tp_cregut/GNAT/2021/bin/../lib/gcc/x86_64-pc-linux-gnu/10.3.1/../../../../lib64/:/lib/../lib64/:/usr/lib/../lib64/:/mnt/n7fs/ens/tp_cregut/GNAT/2021/bin/../lib/gcc/x86_64-pc-linux-gnu/10.3.1/../../../../x86_64-pc-linux-gnu/lib/:/usr/lib/x86_64-linux-gnu/:/mnt/n7fs/ens/tp_cregut/GNAT/2021/bin/../lib/gcc/x86_64-pc-linux-gnu/10.3.1/../../../:/lib/:/usr/lib/]
  ignore line: [COLLECT_GCC_OPTIONS='-v' '-o' 'cmTC_2291a' '-shared-libgcc' '-mtune=generic' '-march=x86-64' '-dumpdir' 'cmTC_2291a.']
  link line: [ /mnt/n7fs/ens/tp_cregut/GNAT/2021/bin/../libexec/gcc/x86_64-pc-linux-gnu/10.3.1/collect2 -plugin /mnt/n7fs/ens/tp_cregut/GNAT/2021/bin/../libexec/gcc/x86_64-pc-linux-gnu/10.3.1/liblto_plugin.so -plugin-opt=/mnt/n7fs/ens/tp_cregut/GNAT/2021/bin/../libexec/gcc/x86_64-pc-linux-gnu/10.3.1/lto-wrapper -plugin-opt=-fresolution=/tmp/ccKyw9HR.res -plugin-opt=-pass-through=-lgcc_s -plugin-opt=-pass-through=-lgcc -plugin-opt=-pass-through=-lc -plugin-opt=-pass-through=-lgcc_s -plugin-opt=-pass-through=-lgcc --eh-frame-hdr -m elf_x86_64 -dynamic-linker /lib64/ld-linux-x86-64.so.2 -o cmTC_2291a /usr/lib/x86_64-linux-gnu/crt1.o /usr/lib/x86_64-linux-gnu/crti.o /mnt/n7fs/ens/tp_cregut/GNAT/2021/bin/../lib/gcc/x86_64-pc-linux-gnu/10.3.1/crtbegin.o -L/mnt/n7fs/ens/tp_cregut/GNAT/2021/bin/../lib/gcc/x86_64-pc-linux-gnu/10.3.1 -L/mnt/n7fs/ens/tp_cregut/GNAT/2021/bin/../lib/gcc -L/mnt/n7fs/ens/tp_cregut/GNAT/2021/bin/../lib/gcc/x86_64-pc-linux-gnu/10.3.1/../../../../lib64 -L/lib/../lib64 -L/usr/lib/../lib64 -L/mnt/n7fs/ens/tp_cregut/GNAT/2021/bin/../lib/gcc/x86_64-pc-linux-gnu/10.3.1/../../../../x86_64-pc-linux-gnu/lib -L/usr/lib/x86_64-linux-gnu -L/mnt/n7fs/ens/tp_cregut/GNAT/2021/bin/../lib/gcc/x86_64-pc-linux-gnu/10.3.1/../../.. CMakeFiles/cmTC_2291a.dir/CMakeCXXCompilerABI.cpp.o -lstdc++ -lm -lgcc_s -lgcc -lc -lgcc_s -lgcc /mnt/n7fs/ens/tp_cregut/GNAT/2021/bin/../lib/gcc/x86_64-pc-linux-gnu/10.3.1/crtend.o /usr/lib/x86_64-linux-gnu/crtn.o]
    arg [/mnt/n7fs/ens/tp_cregut/GNAT/2021/bin/../libexec/gcc/x86_64-pc-linux-gnu/10.3.1/collect2] ==> ignore
    arg [-plugin] ==> ignore
    arg [/mnt/n7fs/ens/tp_cregut/GNAT/2021/bin/../libexec/gcc/x86_64-pc-linux-gnu/10.3.1/liblto_plugin.so] ==> ignore
    arg [-plugin-opt=/mnt/n7fs/ens/tp_cregut/GNAT/2021/bin/../libexec/gcc/x86_64-pc-linux-gnu/10.3.1/lto-wrapper] ==> ignore
    arg [-plugin-opt=-fresolution=/tmp/ccKyw9HR.res] ==> ignore
    arg [-plugin-opt=-pass-through=-lgcc_s] ==> ignore
    arg [-plugin-opt=-pass-through=-lgcc] ==> ignore
    arg [-plugin-opt=-pass-through=-lc] ==> ignore
    arg [-plugin-opt=-pass-through=-lgcc_s] ==> ignore
    arg [-plugin-opt=-pass-through=-lgcc] ==> ignore
    arg [--eh-frame-hdr] ==> ignore
    arg [-m] ==> ignore
    arg [elf_x86_64] ==> ignore
    arg [-dynamic-linker] ==> ignore
    arg [/lib64/ld-linux-x86-64.so.2] ==> ignore
    arg [-o] ==> ignore
    arg [cmTC_2291a] ==> ignore
    arg [/usr/lib/x86_64-linux-gnu/crt1.o] ==> ignore
    arg [/usr/lib/x86_64-linux-gnu/crti.o] ==> ignore
    arg [/mnt/n7fs/ens/tp_cregut/GNAT/2021/bin/../lib/gcc/x86_64-pc-linux-gnu/10.3.1/crtbegin.o] ==> ignore
    arg [-L/mnt/n7fs/ens/tp_cregut/GNAT/2021/bin/../lib/gcc/x86_64-pc-linux-gnu/10.3.1] ==> dir [/mnt/n7fs/ens/tp_cregut/GNAT/2021/bin/../lib/gcc/x86_64-pc-linux-gnu/10.3.1]
    arg [-L/mnt/n7fs/ens/tp_cregut/GNAT/2021/bin/../lib/gcc] ==> dir [/mnt/n7fs/ens/tp_cregut/GNAT/2021/bin/../lib/gcc]
    arg [-L/mnt/n7fs/ens/tp_cregut/GNAT/2021/bin/../lib/gcc/x86_64-pc-linux-gnu/10.3.1/../../../../lib64] ==> dir [/mnt/n7fs/ens/tp_cregut/GNAT/2021/bin/../lib/gcc/x86_64-pc-linux-gnu/10.3.1/../../../../lib64]
    arg [-L/lib/../lib64] ==> dir [/lib/../lib64]
    arg [-L/usr/lib/../lib64] ==> dir [/usr/lib/../lib64]
    arg [-L/mnt/n7fs/ens/tp_cregut/GNAT/2021/bin/../lib/gcc/x86_64-pc-linux-gnu/10.3.1/../../../../x86_64-pc-linux-gnu/lib] ==> dir [/mnt/n7fs/ens/tp_cregut/GNAT/2021/bin/../lib/gcc/x86_64-pc-linux-gnu/10.3.1/../../../../x86_64-pc-linux-gnu/lib]
    arg [-L/usr/lib/x86_64-linux-gnu] ==> dir [/usr/lib/x86_64-linux-gnu]
    arg [-L/mnt/n7fs/ens/tp_cregut/GNAT/2021/bin/../lib/gcc/x86_64-pc-linux-gnu/10.3.1/../../..] ==> dir [/mnt/n7fs/ens/tp_cregut/GNAT/2021/bin/../lib/gcc/x86_64-pc-linux-gnu/10.3.1/../../..]
    arg [CMakeFiles/cmTC_2291a.dir/CMakeCXXCompilerABI.cpp.o] ==> ignore
    arg [-lstdc++] ==> lib [stdc++]
    arg [-lm] ==> lib [m]
    arg [-lgcc_s] ==> lib [gcc_s]
    arg [-lgcc] ==> lib [gcc]
    arg [-lc] ==> lib [c]
    arg [-lgcc_s] ==> lib [gcc_s]
    arg [-lgcc] ==> lib [gcc]
    arg [/mnt/n7fs/ens/tp_cregut/GNAT/2021/bin/../lib/gcc/x86_64-pc-linux-gnu/10.3.1/crtend.o] ==> ignore
    arg [/usr/lib/x86_64-linux-gnu/crtn.o] ==> ignore
  collapse library dir [/mnt/n7fs/ens/tp_cregut/GNAT/2021/bin/../lib/gcc/x86_64-pc-linux-gnu/10.3.1] ==> [/mnt/n7fs/ens/tp_cregut/GNAT/2021/lib/gcc/x86_64-pc-linux-gnu/10.3.1]
  collapse library dir [/mnt/n7fs/ens/tp_cregut/GNAT/2021/bin/../lib/gcc] ==> [/mnt/n7fs/ens/tp_cregut/GNAT/2021/lib/gcc]
  collapse library dir [/mnt/n7fs/ens/tp_cregut/GNAT/2021/bin/../lib/gcc/x86_64-pc-linux-gnu/10.3.1/../../../../lib64] ==> [/mnt/n7fs/ens/tp_cregut/GNAT/2021/lib64]
  collapse library dir [/lib/../lib64] ==> [/lib64]
  collapse library dir [/usr/lib/../lib64] ==> [/usr/lib64]
  collapse library dir [/mnt/n7fs/ens/tp_cregut/GNAT/2021/bin/../lib/gcc/x86_64-pc-linux-gnu/10.3.1/../../../../x86_64-pc-linux-gnu/lib] ==> [/mnt/n7fs/ens/tp_cregut/GNAT/2021/x86_64-pc-linux-gnu/lib]
  collapse library dir [/usr/lib/x86_64-linux-gnu] ==> [/usr/lib/x86_64-linux-gnu]
  collapse library dir [/mnt/n7fs/ens/tp_cregut/GNAT/2021/bin/../lib/gcc/x86_64-pc-linux-gnu/10.3.1/../../..] ==> [/mnt/n7fs/ens/tp_cregut/GNAT/2021/lib]
  implicit libs: [stdc++;m;gcc_s;gcc;c;gcc_s;gcc]
  implicit dirs: [/mnt/n7fs/ens/tp_cregut/GNAT/2021/lib/gcc/x86_64-pc-linux-gnu/10.3.1;/mnt/n7fs/ens/tp_cregut/GNAT/2021/lib/gcc;/mnt/n7fs/ens/tp_cregut/GNAT/2021/lib64;/lib64;/usr/lib64;/mnt/n7fs/ens/tp_cregut/GNAT/2021/x86_64-pc-linux-gnu/lib;/usr/lib/x86_64-linux-gnu;/mnt/n7fs/ens/tp_cregut/GNAT/2021/lib]
  implicit fwks: []


Determining if the include file pthread.h exists passed with the following output:
Change Dir: /home/fzemiri/Annee_2/Rendu2/TP5/build/CMakeFiles/CMakeTmp

Run Build Command(s):/usr/bin/make cmTC_1d57b/fast && make: Avertissement : le fichier « Makefile » a une date de modification 11 s dans le futur
/usr/bin/make -f CMakeFiles/cmTC_1d57b.dir/build.make CMakeFiles/cmTC_1d57b.dir/build
make[1] : on entre dans le répertoire « /home/fzemiri/Annee_2/Rendu2/TP5/build/CMakeFiles/CMakeTmp »
make[1]: Avertissement : le fichier « CMakeFiles/cmTC_1d57b.dir/flags.make » a une date de modification 11 s dans le futur
Building CXX object CMakeFiles/cmTC_1d57b.dir/CheckIncludeFile.cxx.o
/mnt/n7fs/ens/tp_cregut/gnat/bin/c++     -o CMakeFiles/cmTC_1d57b.dir/CheckIncludeFile.cxx.o -c /home/fzemiri/Annee_2/Rendu2/TP5/build/CMakeFiles/CMakeTmp/CheckIncludeFile.cxx
Linking CXX executable cmTC_1d57b
/usr/bin/cmake -E cmake_link_script CMakeFiles/cmTC_1d57b.dir/link.txt --verbose=1
/mnt/n7fs/ens/tp_cregut/gnat/bin/c++       CMakeFiles/cmTC_1d57b.dir/CheckIncludeFile.cxx.o  -o cmTC_1d57b 
make[1]: AVERTISSEMENT : décalage d'horloge détecté. La construction peut être incomplète.
make[1] : on quitte le répertoire « /home/fzemiri/Annee_2/Rendu2/TP5/build/CMakeFiles/CMakeTmp »
make: AVERTISSEMENT : décalage d'horloge détecté. La construction peut être incomplète.



Determining if the function pthread_create exists in the pthread passed with the following output:
Change Dir: /home/fzemiri/Annee_2/Rendu2/TP5/build/CMakeFiles/CMakeTmp

Run Build Command(s):/usr/bin/make cmTC_f2b99/fast && make: Avertissement : le fichier « Makefile » a une date de modification 11 s dans le futur
/usr/bin/make -f CMakeFiles/cmTC_f2b99.dir/build.make CMakeFiles/cmTC_f2b99.dir/build
make[1] : on entre dans le répertoire « /home/fzemiri/Annee_2/Rendu2/TP5/build/CMakeFiles/CMakeTmp »
make[1]: Avertissement : le fichier « CMakeFiles/cmTC_f2b99.dir/flags.make » a une date de modification 11 s dans le futur
Building CXX object CMakeFiles/cmTC_f2b99.dir/CheckFunctionExists.cxx.o
/mnt/n7fs/ens/tp_cregut/gnat/bin/c++    -DCHECK_FUNCTION_EXISTS=pthread_create   -o CMakeFiles/cmTC_f2b99.dir/CheckFunctionExists.cxx.o -c /home/fzemiri/Annee_2/Rendu2/TP5/build/CMakeFiles/CheckLibraryExists/CheckFunctionExists.cxx
Linking CXX executable cmTC_f2b99
/usr/bin/cmake -E cmake_link_script CMakeFiles/cmTC_f2b99.dir/link.txt --verbose=1
/mnt/n7fs/ens/tp_cregut/gnat/bin/c++   -DCHECK_FUNCTION_EXISTS=pthread_create    CMakeFiles/cmTC_f2b99.dir/CheckFunctionExists.cxx.o  -o cmTC_f2b99  -lpthread 
make[1]: AVERTISSEMENT : décalage d'horloge détecté. La construction peut être incomplète.
make[1] : on quitte le répertoire « /home/fzemiri/Annee_2/Rendu2/TP5/build/CMakeFiles/CMakeTmp »
make: AVERTISSEMENT : décalage d'horloge détecté. La construction peut être incomplète.



